Assembler report for de10-nano-picorv32-wb-soc_0
Tue Aug 26 14:42:34 2025
Quartus Prime Version 24.1std.0 Build 1077 03/04/2025 SC Lite Edition


---------------------
; Table of Contents ;
---------------------
  1. Legal Notice
  2. Assembler Summary
  3. Assembler Settings
  4. Assembler Generated Files
  5. Assembler Device Options: de10-nano-picorv32-wb-soc_0.sof
  6. Assembler Device Options: de10-nano-picorv32-wb-soc_0.svf
  7. Assembler Device Options: de10-nano-picorv32-wb-soc_0.rbf
  8. Assembler Messages



----------------
; Legal Notice ;
----------------
Copyright (C) 2025  Altera Corporation. All rights reserved.
Your use of Altera Corporation's design tools, logic functions 
and other software and tools, and any partner logic 
functions, and any output files from any of the foregoing 
(including device programming or simulation files), and any 
associated documentation or information are expressly subject 
to the terms and conditions of the Altera Program License 
Subscription Agreement, the Altera Quartus Prime License Agreement,
the Altera IP License Agreement, or other applicable license
agreement, including, without limitation, that your use is for
the sole purpose of programming logic devices manufactured by
Altera and sold by Altera or its authorized distributors.  Please
refer to the Altera Software License Subscription Agreements 
on the Quartus Prime software download page.



+---------------------------------------------------------------+
; Assembler Summary                                             ;
+-----------------------+---------------------------------------+
; Assembler Status      ; Successful - Tue Aug 26 14:42:34 2025 ;
; Revision Name         ; de10-nano-picorv32-wb-soc_0           ;
; Top-level Entity Name ; de10_nano_picorv32_wb_soc             ;
; Family                ; Cyclone V                             ;
; Device                ; 5CSEBA6U23I7                          ;
+-----------------------+---------------------------------------+


+---------------------------------------------------------------------------------------------------------------+
; Assembler Settings                                                                                            ;
+-----------------------------------------------------------------------------+----------------+----------------+
; Option                                                                      ; Setting        ; Default Value  ;
+-----------------------------------------------------------------------------+----------------+----------------+
; Use smart compilation                                                       ; Off            ; Off            ;
; Enable parallel Assembler and Timing Analyzer during compilation            ; On             ; On             ;
; Enable compact report table                                                 ; Off            ; Off            ;
; Generate Raw Binary File (.rbf) For Target Device                           ; On             ; Off            ;
; Generate Serial Vector Format File (.svf) for Target Device                 ; On             ; Off            ;
; Generate compressed bitstreams                                              ; On             ; On             ;
; Compression mode                                                            ; Off            ; Off            ;
; Clock source for configuration device                                       ; Internal       ; Internal       ;
; Clock frequency of the configuration device                                 ; 10 MHZ         ; 10 MHz         ;
; Divide clock frequency by                                                   ; 1              ; 1              ;
; Auto user code                                                              ; On             ; On             ;
; Configuration device                                                        ; Auto           ; Auto           ;
; Voltage output format                                                       ; Auto discovery ; Auto discovery ;
; Configuration device auto user code                                         ; Off            ; Off            ;
; Generate Tabular Text File (.ttf) For Target Device                         ; Off            ; Off            ;
; Generate Hexadecimal (Intel-Format) Output File (.hexout) for Target Device ; Off            ; Off            ;
; Hexadecimal Output File start address                                       ; 0              ; 0              ;
; Hexadecimal Output File count direction                                     ; Up             ; Up             ;
; Release clears before tri-states                                            ; Off            ; Off            ;
; Auto-restart configuration after error                                      ; On             ; On             ;
; Enable OCT_DONE                                                             ; Off            ; Off            ;
; Use Checkered Pattern as Uninitialized RAM Content                          ; Off            ; Off            ;
; Enable autonomous PCIe HIP mode                                             ; Off            ; Off            ;
; Generate a JEDEC STAPL Format File (.jam) for Target Device                 ; Off            ; Off            ;
; Generate a compressed Jam STAPL Byte Code 2.0 File (.jbc) for Target Device ; Off            ; Off            ;
; Generate a compressed Jam STAPL Byte Code 2.0 File (.jbc) for Target Device ; On             ; On             ;
+-----------------------------------------------------------------------------+----------------+----------------+


+-----------------------------------------------------------------------------------------------------------------------------------------------------+
; Assembler Generated Files                                                                                                                           ;
+-----------------------------------------------------------------------------------------------------------------------------------------------------+
; File Name                                                                                                                                           ;
+-----------------------------------------------------------------------------------------------------------------------------------------------------+
; /home/ubuntu/utm/Uptc-CA-Course/2-RISC-V/hardware/riscv-soc-cores/build/de10-nano-picorv32-wb-soc_0/default-quartus/de10-nano-picorv32-wb-soc_0.sof ;
; /home/ubuntu/utm/Uptc-CA-Course/2-RISC-V/hardware/riscv-soc-cores/build/de10-nano-picorv32-wb-soc_0/default-quartus/de10-nano-picorv32-wb-soc_0.svf ;
; /home/ubuntu/utm/Uptc-CA-Course/2-RISC-V/hardware/riscv-soc-cores/build/de10-nano-picorv32-wb-soc_0/default-quartus/de10-nano-picorv32-wb-soc_0.rbf ;
+-----------------------------------------------------------------------------------------------------------------------------------------------------+


+-----------------------------------------------------------+
; Assembler Device Options: de10-nano-picorv32-wb-soc_0.sof ;
+----------------+------------------------------------------+
; Option         ; Setting                                  ;
+----------------+------------------------------------------+
; JTAG usercode  ; 0x01650E88                               ;
; Checksum       ; 0x01650E88                               ;
+----------------+------------------------------------------+


+-----------------------------------------------------------+
; Assembler Device Options: de10-nano-picorv32-wb-soc_0.svf ;
+-----------+-----------------------------------------------+
; Option    ; Setting                                       ;
+-----------+-----------------------------------------------+
; SVF file  ;                                               ;
+-----------+-----------------------------------------------+


+-----------------------------------------------------------+
; Assembler Device Options: de10-nano-picorv32-wb-soc_0.rbf ;
+---------------------+-------------------------------------+
; Option              ; Setting                             ;
+---------------------+-------------------------------------+
; Raw Binary File     ;                                     ;
;  Compression Ratio  ; 3                                   ;
+---------------------+-------------------------------------+


+--------------------+
; Assembler Messages ;
+--------------------+
Info: *******************************************************************
Info: Running Quartus Prime Assembler
    Info: Version 24.1std.0 Build 1077 03/04/2025 SC Lite Edition
    Info: Copyright (C) 2025  Altera Corporation. All rights reserved.
    Info: Your use of Altera Corporation's design tools, logic functions 
    Info: and other software and tools, and any partner logic 
    Info: functions, and any output files from any of the foregoing 
    Info: (including device programming or simulation files), and any 
    Info: associated documentation or information are expressly subject 
    Info: to the terms and conditions of the Altera Program License 
    Info: Subscription Agreement, the Altera Quartus Prime License Agreement,
    Info: the Altera IP License Agreement, or other applicable license
    Info: agreement, including, without limitation, that your use is for
    Info: the sole purpose of programming logic devices manufactured by
    Info: Altera and sold by Altera or its authorized distributors.  Please
    Info: refer to the Altera Software License Subscription Agreements 
    Info: on the Quartus Prime software download page.
    Info: Processing started: Tue Aug 26 14:42:24 2025
Info: Command: quartus_asm --64bit de10-nano-picorv32-wb-soc_0
Warning (18236): Number of processors has not been specified which may cause overloading on shared machines.  Set the global assignment NUM_PARALLEL_PROCESSORS in your QSF to an appropriate value for best performance.
Info (115030): Assembler is generating device programming files
Info: Quartus Prime Assembler was successful. 0 errors, 1 warning
    Info: Peak virtual memory: 134218412 megabytes
    Info: Processing ended: Tue Aug 26 14:42:34 2025
    Info: Elapsed time: 00:00:10
    Info: Total CPU time (on all processors): 00:00:08


