Flow report for de10-nano-picorv32-wb-soc_0
Tue Aug 26 14:42:53 2025
Quartus Prime Version 24.1std.0 Build 1077 03/04/2025 SC Lite Edition


---------------------
; Table of Contents ;
---------------------
  1. Legal Notice
  2. Flow Summary
  3. Flow Settings
  4. Flow Non-Default Global Settings
  5. Flow Elapsed Time
  6. Flow OS Summary
  7. Flow Log
  8. Flow Messages
  9. Flow Suppressed Messages



----------------
; Legal Notice ;
----------------
Copyright (C) 2025  Altera Corporation. All rights reserved.
Your use of Altera Corporation's design tools, logic functions 
and other software and tools, and any partner logic 
functions, and any output files from any of the foregoing 
(including device programming or simulation files), and any 
associated documentation or information are expressly subject 
to the terms and conditions of the Altera Program License 
Subscription Agreement, the Altera Quartus Prime License Agreement,
the Altera IP License Agreement, or other applicable license
agreement, including, without limitation, that your use is for
the sole purpose of programming logic devices manufactured by
Altera and sold by Altera or its authorized distributors.  Please
refer to the Altera Software License Subscription Agreements 
on the Quartus Prime software download page.



+-----------------------------------------------------------------------------------+
; Flow Summary                                                                      ;
+---------------------------------+-------------------------------------------------+
; Flow Status                     ; Successful - Tue Aug 26 14:42:34 2025           ;
; Quartus Prime Version           ; 24.1std.0 Build 1077 03/04/2025 SC Lite Edition ;
; Revision Name                   ; de10-nano-picorv32-wb-soc_0                     ;
; Top-level Entity Name           ; de10_nano_picorv32_wb_soc                       ;
; Family                          ; Cyclone V                                       ;
; Device                          ; 5CSEBA6U23I7                                    ;
; Timing Models                   ; Final                                           ;
; Logic utilization (in ALMs)     ; 1,893 / 41,910 ( 5 % )                          ;
; Total registers                 ; 2436                                            ;
; Total pins                      ; 27 / 314 ( 9 % )                                ;
; Total virtual pins              ; 0                                               ;
; Total block memory bits         ; 141,824 / 5,662,720 ( 3 % )                     ;
; Total DSP Blocks                ; 0 / 112 ( 0 % )                                 ;
; Total HSSI RX PCSs              ; 0                                               ;
; Total HSSI PMA RX Deserializers ; 0                                               ;
; Total HSSI TX PCSs              ; 0                                               ;
; Total HSSI PMA TX Serializers   ; 0                                               ;
; Total PLLs                      ; 1 / 6 ( 17 % )                                  ;
; Total DLLs                      ; 0 / 4 ( 0 % )                                   ;
+---------------------------------+-------------------------------------------------+


+-------------------------------------------------+
; Flow Settings                                   ;
+-------------------+-----------------------------+
; Option            ; Setting                     ;
+-------------------+-----------------------------+
; Start date & time ; 08/26/2025 14:40:01         ;
; Main task         ; Compilation                 ;
; Revision Name     ; de10-nano-picorv32-wb-soc_0 ;
+-------------------+-----------------------------+


+---------------------------------------------------------------------------------------------------------------------------------------------+
; Flow Non-Default Global Settings                                                                                                            ;
+------------------------------------+-----------------------------------------------+-----------------------------+-------------+------------+
; Assignment Name                    ; Value                                         ; Default Value               ; Entity Name ; Section Id ;
+------------------------------------+-----------------------------------------------+-----------------------------+-------------+------------+
; AUTO_RAM_BLOCK_BALANCING           ; -- (Not supported for targeted family)        ; On                          ; --          ; --         ;
; COMPILER_SIGNATURE_ID              ; 222381067999778.175621920114969               ; --                          ; --          ; --         ;
; FLOW_ENABLE_IO_ASSIGNMENT_ANALYSIS ; On                                            ; Off                         ; --          ; --         ;
; SEARCH_PATH                        ; src/or1k_bootloaders_0.9                      ; --                          ; --          ; --         ;
; SEARCH_PATH                        ; src/riscv-nmon_0                              ; --                          ; --          ; --         ;
; SEARCH_PATH                        ; src/uart16550_1.5.5-r1/rtl/verilog            ; --                          ; --          ; --         ;
; SEARCH_PATH                        ; src/verilog_utils_0                           ; --                          ; --          ; --         ;
; SEARCH_PATH                        ; src/wb_common_0                               ; --                          ; --          ; --         ;
; SEARCH_PATH                        ; src/picorv32-wb-soc_0/rtl/verilog/wb_intercon ; --                          ; --          ; --         ;
; TOP_LEVEL_ENTITY                   ; de10_nano_picorv32_wb_soc                     ; de10-nano-picorv32-wb-soc_0 ; --          ; --         ;
+------------------------------------+-----------------------------------------------+-----------------------------+-------------+------------+


+--------------------------------------------------------------------------------------------------------------------------+
; Flow Elapsed Time                                                                                                        ;
+----------------------+--------------+-------------------------+---------------------+------------------------------------+
; Module Name          ; Elapsed Time ; Average Processors Used ; Peak Virtual Memory ; Total CPU Time (on all processors) ;
+----------------------+--------------+-------------------------+---------------------+------------------------------------+
; Analysis & Synthesis ; 00:00:46     ; 1.0                     ; 134219044 MB        ; 00:00:38                           ;
; Fitter               ; 00:01:32     ; 1.0                     ; 134219429 MB        ; 00:01:28                           ;
; Assembler            ; 00:00:10     ; 1.0                     ; 134218412 MB        ; 00:00:08                           ;
; Timing Analyzer      ; 00:00:18     ; 1.0                     ; 134218820 MB        ; 00:00:16                           ;
; Total                ; 00:02:46     ; --                      ; --                  ; 00:02:30                           ;
+----------------------+--------------+-------------------------+---------------------+------------------------------------+


+---------------------------------------------------------------------------------+
; Flow OS Summary                                                                 ;
+----------------------+------------------+---------+------------+----------------+
; Module Name          ; Machine Hostname ; OS Name ; OS Version ; Processor type ;
+----------------------+------------------+---------+------------+----------------+
; Analysis & Synthesis ; virtual-pc       ; Ubuntu  ; 22         ; x86_64         ;
; Fitter               ; virtual-pc       ; Ubuntu  ; 22         ; x86_64         ;
; Assembler            ; virtual-pc       ; Ubuntu  ; 22         ; x86_64         ;
; Timing Analyzer      ; virtual-pc       ; Ubuntu  ; 22         ; x86_64         ;
+----------------------+------------------+---------+------------+----------------+


------------
; Flow Log ;
------------
quartus_map --64bit de10-nano-picorv32-wb-soc_0
quartus_fit --64bit de10-nano-picorv32-wb-soc_0
quartus_asm --64bit de10-nano-picorv32-wb-soc_0
quartus_sta --64bit de10-nano-picorv32-wb-soc_0



