Flow report for de1-picorv32-wb-soc_0
Tue Aug 26 14:34:53 2025
Quartus II 32-bit Version 13.0.1 Build 232 06/12/2013 Service Pack 1 SJ Web Edition


---------------------
; Table of Contents ;
---------------------
  1. Legal Notice
  2. Flow Summary
  3. Flow Settings
  4. Flow Non-Default Global Settings
  5. Flow Elapsed Time
  6. Flow OS Summary
  7. Flow Log
  8. Flow Messages
  9. Flow Suppressed Messages



----------------
; Legal Notice ;
----------------
Copyright (C) 1991-2013 Altera Corporation
Your use of Altera Corporation's design tools, logic functions 
and other software and tools, and its AMPP partner logic 
functions, and any output files from any of the foregoing 
(including device programming or simulation files), and any 
associated documentation or information are expressly subject 
to the terms and conditions of the Altera Program License 
Subscription Agreement, Altera MegaCore Function License 
Agreement, or other applicable license agreement, including, 
without limitation, that your use is for the sole purpose of 
programming logic devices manufactured by Altera and sold by 
Altera or its authorized distributors.  Please refer to the 
applicable agreement for further details.



+--------------------------------------------------------------------------------------+
; Flow Summary                                                                         ;
+------------------------------------+-------------------------------------------------+
; Flow Status                        ; Successful - Tue Aug 26 14:34:49 2025           ;
; Quartus II 32-bit Version          ; 13.0.1 Build 232 06/12/2013 SP 1 SJ Web Edition ;
; Revision Name                      ; de1-picorv32-wb-soc_0                           ;
; Top-level Entity Name              ; de1_picorv32_wb_soc                             ;
; Family                             ; Cyclone II                                      ;
; Device                             ; EP2C20F484C7                                    ;
; Timing Models                      ; Final                                           ;
; Total logic elements               ; 6,162 / 18,752 ( 33 % )                         ;
;     Total combinational functions  ; 5,407 / 18,752 ( 29 % )                         ;
;     Dedicated logic registers      ; 3,552 / 18,752 ( 19 % )                         ;
; Total registers                    ; 3552                                            ;
; Total pins                         ; 49 / 315 ( 16 % )                               ;
; Total virtual pins                 ; 0                                               ;
; Total memory bits                  ; 142,592 / 239,616 ( 60 % )                      ;
; Embedded Multiplier 9-bit elements ; 0 / 52 ( 0 % )                                  ;
; Total PLLs                         ; 1 / 4 ( 25 % )                                  ;
+------------------------------------+-------------------------------------------------+


+-------------------------------------------+
; Flow Settings                             ;
+-------------------+-----------------------+
; Option            ; Setting               ;
+-------------------+-----------------------+
; Start date & time ; 08/26/2025 14:29:59   ;
; Main task         ; Compilation           ;
; Revision Name     ; de1-picorv32-wb-soc_0 ;
+-------------------+-----------------------+


+-----------------------------------------------------------------------------------------------------------------------------------+
; Flow Non-Default Global Settings                                                                                                  ;
+--------------------------------+-----------------------------------------------+-----------------------+-------------+------------+
; Assignment Name                ; Value                                         ; Default Value         ; Entity Name ; Section Id ;
+--------------------------------+-----------------------------------------------+-----------------------+-------------+------------+
; COMPILER_SIGNATURE_ID          ; 0.175621859910254                             ; --                    ; --          ; --         ;
; FITTER_EFFORT                  ; Fast Fit                                      ; Auto Fit              ; --          ; --         ;
; MAX_CORE_JUNCTION_TEMP         ; 85                                            ; --                    ; --          ; --         ;
; MIN_CORE_JUNCTION_TEMP         ; 0                                             ; --                    ; --          ; --         ;
; PHYSICAL_SYNTHESIS_EFFORT      ; Fast                                          ; Normal                ; --          ; --         ;
; PROJECT_OUTPUT_DIRECTORY       ; output_files                                  ; --                    ; --          ; --         ;
; SEARCH_PATH                    ; src/or1k_bootloaders_0.9                      ; --                    ; --          ; --         ;
; SEARCH_PATH                    ; src/riscv-nmon_0                              ; --                    ; --          ; --         ;
; SEARCH_PATH                    ; src/uart16550_1.5.5-r1/rtl/verilog            ; --                    ; --          ; --         ;
; SEARCH_PATH                    ; src/verilog_utils_0                           ; --                    ; --          ; --         ;
; SEARCH_PATH                    ; src/wb_common_0                               ; --                    ; --          ; --         ;
; SEARCH_PATH                    ; src/picorv32-wb-soc_0/rtl/verilog/wb_intercon ; --                    ; --          ; --         ;
; TIMEQUEST_MULTICORNER_ANALYSIS ; Off                                           ; On                    ; --          ; --         ;
; TOP_LEVEL_ENTITY               ; de1_picorv32_wb_soc                           ; de1-picorv32-wb-soc_0 ; --          ; --         ;
+--------------------------------+-----------------------------------------------+-----------------------+-------------+------------+


+-------------------------------------------------------------------------------------------------------------------------------+
; Flow Elapsed Time                                                                                                             ;
+---------------------------+--------------+-------------------------+---------------------+------------------------------------+
; Module Name               ; Elapsed Time ; Average Processors Used ; Peak Virtual Memory ; Total CPU Time (on all processors) ;
+---------------------------+--------------+-------------------------+---------------------+------------------------------------+
; Analysis & Synthesis      ; 00:00:27     ; 1.0                     ; 2047 MB             ; 00:00:21                           ;
; Fitter                    ; 00:04:14     ; 1.0                     ; 2047 MB             ; 00:04:05                           ;
; Assembler                 ; 00:00:02     ; 1.0                     ; 2047 MB             ; 00:00:02                           ;
; TimeQuest Timing Analyzer ; 00:00:02     ; 1.0                     ; 2047 MB             ; 00:00:02                           ;
; Total                     ; 00:04:45     ; --                      ; --                  ; 00:04:30                           ;
+---------------------------+--------------+-------------------------+---------------------+------------------------------------+


+---------------------------------------------------------------------------------------------+
; Flow OS Summary                                                                             ;
+---------------------------+------------------+----------------+------------+----------------+
; Module Name               ; Machine Hostname ; OS Name        ; OS Version ; Processor type ;
+---------------------------+------------------+----------------+------------+----------------+
; Analysis & Synthesis      ; virtual-pc       ; Ubuntu 22.04.5 ; 22         ; x86_64         ;
; Fitter                    ; virtual-pc       ; Ubuntu 22.04.5 ; 22         ; x86_64         ;
; Assembler                 ; virtual-pc       ; Ubuntu 22.04.5 ; 22         ; x86_64         ;
; TimeQuest Timing Analyzer ; virtual-pc       ; Ubuntu 22.04.5 ; 22         ; x86_64         ;
+---------------------------+------------------+----------------+------------+----------------+


------------
; Flow Log ;
------------
quartus_map de1-picorv32-wb-soc_0
quartus_fit de1-picorv32-wb-soc_0
quartus_asm de1-picorv32-wb-soc_0
quartus_sta de1-picorv32-wb-soc_0



